{"C:\\Users\\Brandon\\Documents\\Hacktiv8\\PHASE 2\\Individual_Project\\fin-web\\Server\\app.js": {"path":"C:\\Users\\Brandon\\Documents\\Hacktiv8\\PHASE 2\\Individual_Project\\fin-web\\Server\\app.js","statementMap":{"0":{"start":{"line":1,"column":0},"end":{"line":3,"column":1}},"1":{"start":{"line":2,"column":4},"end":{"line":2,"column":31}},"2":{"start":{"line":4,"column":16},"end":{"line":4,"column":34}},"3":{"start":{"line":5,"column":12},"end":{"line":5,"column":21}},"4":{"start":{"line":6,"column":13},"end":{"line":6,"column":28}},"5":{"start":{"line":8,"column":0},"end":{"line":8,"column":49}},"6":{"start":{"line":9,"column":0},"end":{"line":9,"column":24}},"7":{"start":{"line":10,"column":0},"end":{"line":10,"column":15}},"8":{"start":{"line":12,"column":0},"end":{"line":12,"column":34}},"9":{"start":{"line":14,"column":0},"end":{"line":14,"column":21}}},"fnMap":{},"branchMap":{"0":{"loc":{"start":{"line":1,"column":0},"end":{"line":3,"column":1}},"type":"if","locations":[{"start":{"line":1,"column":0},"end":{"line":3,"column":1}},{"start":{},"end":{}}],"line":1}},"s":{"0":1,"1":1,"2":1,"3":1,"4":1,"5":1,"6":1,"7":1,"8":1,"9":1},"f":{},"b":{"0":[1,0]},"_coverageSchema":"1a1c01bbd47fc00a2c39e90264f33305004495a9","hash":"c52259d2933c7789eeb0b88fb329936e813e4d3d"}
,"C:\\Users\\Brandon\\Documents\\Hacktiv8\\PHASE 2\\Individual_Project\\fin-web\\Server\\controllers\\Controller.js": {"path":"C:\\Users\\Brandon\\Documents\\Hacktiv8\\PHASE 2\\Individual_Project\\fin-web\\Server\\controllers\\Controller.js","statementMap":{"0":{"start":{"line":1,"column":20},"end":{"line":1,"column":40}},"1":{"start":{"line":2,"column":31},"end":{"line":2,"column":63}},"2":{"start":{"line":3,"column":13},"end":{"line":3,"column":40}},"3":{"start":{"line":7,"column":8},"end":{"line":31,"column":9}},"4":{"start":{"line":8,"column":96},"end":{"line":8,"column":104}},"5":{"start":{"line":9,"column":12},"end":{"line":11,"column":13}},"6":{"start":{"line":10,"column":16},"end":{"line":10,"column":72}},"7":{"start":{"line":12,"column":33},"end":{"line":12,"column":79}},"8":{"start":{"line":13,"column":12},"end":{"line":15,"column":13}},"9":{"start":{"line":14,"column":16},"end":{"line":14,"column":78}},"10":{"start":{"line":16,"column":31},"end":{"line":16,"column":53}},"11":{"start":{"line":18,"column":12},"end":{"line":27,"column":15}},"12":{"start":{"line":28,"column":12},"end":{"line":28,"column":74}},"13":{"start":{"line":30,"column":12},"end":{"line":30,"column":24}},"14":{"start":{"line":36,"column":8},"end":{"line":45,"column":9}},"15":{"start":{"line":37,"column":29},"end":{"line":41,"column":14}},"16":{"start":{"line":42,"column":12},"end":{"line":42,"column":43}},"17":{"start":{"line":44,"column":12},"end":{"line":44,"column":24}},"18":{"start":{"line":50,"column":8},"end":{"line":59,"column":9}},"19":{"start":{"line":51,"column":28},"end":{"line":51,"column":83}},"20":{"start":{"line":52,"column":12},"end":{"line":54,"column":13}},"21":{"start":{"line":53,"column":16},"end":{"line":53,"column":72}},"22":{"start":{"line":55,"column":12},"end":{"line":55,"column":36}},"23":{"start":{"line":56,"column":12},"end":{"line":56,"column":78}},"24":{"start":{"line":58,"column":12},"end":{"line":58,"column":24}},"25":{"start":{"line":62,"column":30},"end":{"line":64,"column":5}},"26":{"start":{"line":63,"column":8},"end":{"line":63,"column":85}},"27":{"start":{"line":63,"column":47},"end":{"line":63,"column":83}},"28":{"start":{"line":68,"column":8},"end":{"line":91,"column":9}},"29":{"start":{"line":69,"column":31},"end":{"line":69,"column":39}},"30":{"start":{"line":70,"column":12},"end":{"line":72,"column":13}},"31":{"start":{"line":71,"column":16},"end":{"line":71,"column":78}},"32":{"start":{"line":73,"column":36},"end":{"line":73,"column":1753}},"33":{"start":{"line":74,"column":37},"end":{"line":74,"column":110}},"34":{"start":{"line":74,"column":69},"end":{"line":74,"column":109}},"35":{"start":{"line":77,"column":12},"end":{"line":79,"column":13}},"36":{"start":{"line":78,"column":16},"end":{"line":78,"column":94}},"37":{"start":{"line":80,"column":27},"end":{"line":80,"column":203}},"38":{"start":{"line":82,"column":26},"end":{"line":82,"column":76}},"39":{"start":{"line":83,"column":26},"end":{"line":83,"column":79}},"40":{"start":{"line":85,"column":27},"end":{"line":85,"column":62}},"41":{"start":{"line":86,"column":28},"end":{"line":86,"column":124}},"42":{"start":{"line":88,"column":12},"end":{"line":88,"column":46}},"43":{"start":{"line":90,"column":12},"end":{"line":90,"column":24}},"44":{"start":{"line":96,"column":8},"end":{"line":114,"column":9}},"45":{"start":{"line":97,"column":33},"end":{"line":106,"column":14}},"46":{"start":{"line":107,"column":29},"end":{"line":107,"column":55}},"47":{"start":{"line":108,"column":12},"end":{"line":110,"column":13}},"48":{"start":{"line":109,"column":16},"end":{"line":109,"column":69}},"49":{"start":{"line":111,"column":12},"end":{"line":111,"column":43}},"50":{"start":{"line":113,"column":12},"end":{"line":113,"column":24}},"51":{"start":{"line":119,"column":8},"end":{"line":148,"column":9}},"52":{"start":{"line":120,"column":34},"end":{"line":120,"column":36}},"53":{"start":{"line":121,"column":33},"end":{"line":121,"column":74}},"54":{"start":{"line":122,"column":12},"end":{"line":143,"column":13}},"55":{"start":{"line":122,"column":24},"end":{"line":122,"column":25}},"56":{"start":{"line":123,"column":38},"end":{"line":132,"column":18}},"57":{"start":{"line":133,"column":34},"end":{"line":133,"column":52}},"58":{"start":{"line":134,"column":16},"end":{"line":142,"column":17}},"59":{"start":{"line":135,"column":20},"end":{"line":135,"column":76}},"60":{"start":{"line":138,"column":20},"end":{"line":141,"column":23}},"61":{"start":{"line":144,"column":12},"end":{"line":144,"column":50}},"62":{"start":{"line":147,"column":12},"end":{"line":147,"column":24}},"63":{"start":{"line":153,"column":8},"end":{"line":177,"column":9}},"64":{"start":{"line":154,"column":37},"end":{"line":154,"column":39}},"65":{"start":{"line":155,"column":32},"end":{"line":155,"column":68}},"66":{"start":{"line":156,"column":12},"end":{"line":173,"column":13}},"67":{"start":{"line":156,"column":24},"end":{"line":156,"column":25}},"68":{"start":{"line":157,"column":39},"end":{"line":165,"column":18}},"69":{"start":{"line":166,"column":16},"end":{"line":172,"column":17}},"70":{"start":{"line":167,"column":39},"end":{"line":170,"column":21}},"71":{"start":{"line":171,"column":20},"end":{"line":171,"column":54}},"72":{"start":{"line":174,"column":12},"end":{"line":174,"column":51}},"73":{"start":{"line":176,"column":12},"end":{"line":176,"column":24}},"74":{"start":{"line":180,"column":0},"end":{"line":180,"column":29}}},"fnMap":{"0":{"name":"(anonymous_0)","decl":{"start":{"line":6,"column":4},"end":{"line":6,"column":5}},"loc":{"start":{"line":6,"column":45},"end":{"line":32,"column":5}},"line":6},"1":{"name":"(anonymous_1)","decl":{"start":{"line":35,"column":4},"end":{"line":35,"column":5}},"loc":{"start":{"line":35,"column":45},"end":{"line":46,"column":5}},"line":35},"2":{"name":"(anonymous_2)","decl":{"start":{"line":49,"column":4},"end":{"line":49,"column":5}},"loc":{"start":{"line":49,"column":48},"end":{"line":60,"column":5}},"line":49},"3":{"name":"(anonymous_3)","decl":{"start":{"line":62,"column":30},"end":{"line":62,"column":31}},"loc":{"start":{"line":62,"column":38},"end":{"line":64,"column":5}},"line":62},"4":{"name":"(anonymous_4)","decl":{"start":{"line":63,"column":36},"end":{"line":63,"column":37}},"loc":{"start":{"line":63,"column":47},"end":{"line":63,"column":83}},"line":63},"5":{"name":"(anonymous_5)","decl":{"start":{"line":67,"column":4},"end":{"line":67,"column":5}},"loc":{"start":{"line":67,"column":47},"end":{"line":92,"column":5}},"line":67},"6":{"name":"(anonymous_6)","decl":{"start":{"line":74,"column":58},"end":{"line":74,"column":59}},"loc":{"start":{"line":74,"column":69},"end":{"line":74,"column":109}},"line":74},"7":{"name":"(anonymous_7)","decl":{"start":{"line":95,"column":4},"end":{"line":95,"column":5}},"loc":{"start":{"line":95,"column":42},"end":{"line":115,"column":5}},"line":95},"8":{"name":"(anonymous_8)","decl":{"start":{"line":118,"column":4},"end":{"line":118,"column":5}},"loc":{"start":{"line":118,"column":43},"end":{"line":149,"column":5}},"line":118},"9":{"name":"(anonymous_9)","decl":{"start":{"line":152,"column":4},"end":{"line":152,"column":5}},"loc":{"start":{"line":152,"column":52},"end":{"line":178,"column":5}},"line":152}},"branchMap":{"0":{"loc":{"start":{"line":9,"column":12},"end":{"line":11,"column":13}},"type":"if","locations":[{"start":{"line":9,"column":12},"end":{"line":11,"column":13}},{"start":{},"end":{}}],"line":9},"1":{"loc":{"start":{"line":9,"column":16},"end":{"line":9,"column":109}},"type":"binary-expr","locations":[{"start":{"line":9,"column":16},"end":{"line":9,"column":23}},{"start":{"line":9,"column":27},"end":{"line":9,"column":34}},{"start":{"line":9,"column":38},"end":{"line":9,"column":44}},{"start":{"line":9,"column":48},"end":{"line":9,"column":60}},{"start":{"line":9,"column":64},"end":{"line":9,"column":68}},{"start":{"line":9,"column":72},"end":{"line":9,"column":84}},{"start":{"line":9,"column":88},"end":{"line":9,"column":96}},{"start":{"line":9,"column":100},"end":{"line":9,"column":109}}],"line":9},"2":{"loc":{"start":{"line":13,"column":12},"end":{"line":15,"column":13}},"type":"if","locations":[{"start":{"line":13,"column":12},"end":{"line":15,"column":13}},{"start":{},"end":{}}],"line":13},"3":{"loc":{"start":{"line":52,"column":12},"end":{"line":54,"column":13}},"type":"if","locations":[{"start":{"line":52,"column":12},"end":{"line":54,"column":13}},{"start":{},"end":{}}],"line":52},"4":{"loc":{"start":{"line":70,"column":12},"end":{"line":72,"column":13}},"type":"if","locations":[{"start":{"line":70,"column":12},"end":{"line":72,"column":13}},{"start":{},"end":{}}],"line":70},"5":{"loc":{"start":{"line":77,"column":12},"end":{"line":79,"column":13}},"type":"if","locations":[{"start":{"line":77,"column":12},"end":{"line":79,"column":13}},{"start":{},"end":{}}],"line":77},"6":{"loc":{"start":{"line":86,"column":28},"end":{"line":86,"column":124}},"type":"cond-expr","locations":[{"start":{"line":86,"column":73},"end":{"line":86,"column":101}},{"start":{"line":86,"column":104},"end":{"line":86,"column":124}}],"line":86},"7":{"loc":{"start":{"line":108,"column":12},"end":{"line":110,"column":13}},"type":"if","locations":[{"start":{"line":108,"column":12},"end":{"line":110,"column":13}},{"start":{},"end":{}}],"line":108},"8":{"loc":{"start":{"line":134,"column":16},"end":{"line":142,"column":17}},"type":"if","locations":[{"start":{"line":134,"column":16},"end":{"line":142,"column":17}},{"start":{"line":137,"column":20},"end":{"line":142,"column":17}}],"line":134},"9":{"loc":{"start":{"line":166,"column":16},"end":{"line":172,"column":17}},"type":"if","locations":[{"start":{"line":166,"column":16},"end":{"line":172,"column":17}},{"start":{},"end":{}}],"line":166}},"s":{"0":1,"1":1,"2":1,"3":1,"4":1,"5":1,"6":0,"7":1,"8":0,"9":0,"10":0,"11":0,"12":0,"13":1,"14":1,"15":1,"16":1,"17":0,"18":1,"19":1,"20":1,"21":0,"22":1,"23":1,"24":0,"25":1,"26":0,"27":0,"28":2,"29":2,"30":2,"31":1,"32":1,"33":1,"34":38,"35":1,"36":0,"37":1,"38":1,"39":1,"40":1,"41":1,"42":1,"43":1,"44":1,"45":1,"46":1,"47":1,"48":0,"49":1,"50":0,"51":1,"52":1,"53":1,"54":1,"55":1,"56":5,"57":5,"58":5,"59":0,"60":5,"61":1,"62":0,"63":1,"64":1,"65":1,"66":1,"67":1,"68":5,"69":5,"70":5,"71":5,"72":1,"73":0,"74":1},"f":{"0":1,"1":1,"2":1,"3":0,"4":0,"5":2,"6":38,"7":1,"8":1,"9":1},"b":{"0":[0,1],"1":[1,1,1,0,0,0,0,0],"2":[0,0],"3":[0,1],"4":[1,1],"5":[0,1],"6":[1,0],"7":[0,1],"8":[0,5],"9":[5,0]},"_coverageSchema":"1a1c01bbd47fc00a2c39e90264f33305004495a9","hash":"81643f180e64eb27163a7285518ef5d7f1e5e8a5"}
,"C:\\Users\\Brandon\\Documents\\Hacktiv8\\PHASE 2\\Individual_Project\\fin-web\\Server\\controllers\\UserController.js": {"path":"C:\\Users\\Brandon\\Documents\\Hacktiv8\\PHASE 2\\Individual_Project\\fin-web\\Server\\controllers\\UserController.js","statementMap":{"0":{"start":{"line":1,"column":0},"end":{"line":1,"column":27}},"1":{"start":{"line":2,"column":22},"end":{"line":2,"column":47}},"2":{"start":{"line":3,"column":39},"end":{"line":3,"column":67}},"3":{"start":{"line":4,"column":15},"end":{"line":4,"column":35}},"4":{"start":{"line":5,"column":23},"end":{"line":5,"column":53}},"5":{"start":{"line":6,"column":21},"end":{"line":6,"column":48}},"6":{"start":{"line":12,"column":8},"end":{"line":32,"column":9}},"7":{"start":{"line":14,"column":37},"end":{"line":14,"column":45}},"8":{"start":{"line":16,"column":12},"end":{"line":19,"column":13}},"9":{"start":{"line":18,"column":16},"end":{"line":18,"column":91}},"10":{"start":{"line":20,"column":25},"end":{"line":20,"column":68}},"11":{"start":{"line":21,"column":12},"end":{"line":23,"column":13}},"12":{"start":{"line":22,"column":16},"end":{"line":22,"column":80}},"13":{"start":{"line":24,"column":28},"end":{"line":24,"column":73}},"14":{"start":{"line":25,"column":12},"end":{"line":27,"column":13}},"15":{"start":{"line":26,"column":16},"end":{"line":26,"column":80}},"16":{"start":{"line":28,"column":33},"end":{"line":28,"column":57}},"17":{"start":{"line":29,"column":12},"end":{"line":29,"column":49}},"18":{"start":{"line":31,"column":12},"end":{"line":31,"column":23}},"19":{"start":{"line":36,"column":8},"end":{"line":60,"column":9}},"20":{"start":{"line":37,"column":34},"end":{"line":37,"column":42}},"21":{"start":{"line":39,"column":27},"end":{"line":39,"column":45}},"22":{"start":{"line":40,"column":27},"end":{"line":43,"column":14}},"23":{"start":{"line":44,"column":28},"end":{"line":44,"column":47}},"24":{"start":{"line":45,"column":27},"end":{"line":54,"column":14}},"25":{"start":{"line":55,"column":33},"end":{"line":55,"column":57}},"26":{"start":{"line":56,"column":12},"end":{"line":56,"column":48}},"27":{"start":{"line":59,"column":12},"end":{"line":59,"column":23}},"28":{"start":{"line":64,"column":8},"end":{"line":81,"column":9}},"29":{"start":{"line":66,"column":46},"end":{"line":66,"column":54}},"30":{"start":{"line":69,"column":12},"end":{"line":72,"column":13}},"31":{"start":{"line":71,"column":16},"end":{"line":71,"column":91}},"32":{"start":{"line":73,"column":28},"end":{"line":77,"column":14}},"33":{"start":{"line":78,"column":12},"end":{"line":78,"column":42}},"34":{"start":{"line":80,"column":12},"end":{"line":80,"column":23}},"35":{"start":{"line":86,"column":8},"end":{"line":107,"column":9}},"36":{"start":{"line":87,"column":46},"end":{"line":87,"column":54}},"37":{"start":{"line":88,"column":25},"end":{"line":88,"column":71}},"38":{"start":{"line":89,"column":12},"end":{"line":91,"column":13}},"39":{"start":{"line":90,"column":16},"end":{"line":90,"column":71}},"40":{"start":{"line":94,"column":12},"end":{"line":96,"column":13}},"41":{"start":{"line":95,"column":16},"end":{"line":95,"column":84}},"42":{"start":{"line":97,"column":35},"end":{"line":97,"column":57}},"43":{"start":{"line":99,"column":12},"end":{"line":103,"column":19}},"44":{"start":{"line":104,"column":12},"end":{"line":104,"column":39}},"45":{"start":{"line":106,"column":12},"end":{"line":106,"column":23}},"46":{"start":{"line":112,"column":8},"end":{"line":123,"column":9}},"47":{"start":{"line":114,"column":25},"end":{"line":114,"column":33}},"48":{"start":{"line":115,"column":12},"end":{"line":117,"column":13}},"49":{"start":{"line":116,"column":16},"end":{"line":116,"column":71}},"50":{"start":{"line":119,"column":12},"end":{"line":119,"column":33}},"51":{"start":{"line":120,"column":12},"end":{"line":120,"column":75}},"52":{"start":{"line":122,"column":12},"end":{"line":122,"column":23}},"53":{"start":{"line":128,"column":8},"end":{"line":137,"column":9}},"54":{"start":{"line":130,"column":25},"end":{"line":130,"column":33}},"55":{"start":{"line":131,"column":12},"end":{"line":133,"column":13}},"56":{"start":{"line":132,"column":16},"end":{"line":132,"column":71}},"57":{"start":{"line":134,"column":12},"end":{"line":134,"column":39}},"58":{"start":{"line":136,"column":12},"end":{"line":136,"column":23}},"59":{"start":{"line":141,"column":0},"end":{"line":141,"column":32}}},"fnMap":{"0":{"name":"(anonymous_0)","decl":{"start":{"line":11,"column":4},"end":{"line":11,"column":5}},"loc":{"start":{"line":11,"column":39},"end":{"line":33,"column":5}},"line":11},"1":{"name":"(anonymous_1)","decl":{"start":{"line":35,"column":4},"end":{"line":35,"column":5}},"loc":{"start":{"line":35,"column":45},"end":{"line":61,"column":5}},"line":35},"2":{"name":"(anonymous_2)","decl":{"start":{"line":63,"column":4},"end":{"line":63,"column":5}},"loc":{"start":{"line":63,"column":42},"end":{"line":82,"column":5}},"line":63},"3":{"name":"(anonymous_3)","decl":{"start":{"line":85,"column":4},"end":{"line":85,"column":5}},"loc":{"start":{"line":85,"column":44},"end":{"line":108,"column":5}},"line":85},"4":{"name":"(anonymous_4)","decl":{"start":{"line":111,"column":4},"end":{"line":111,"column":5}},"loc":{"start":{"line":111,"column":44},"end":{"line":124,"column":5}},"line":111},"5":{"name":"(anonymous_5)","decl":{"start":{"line":127,"column":4},"end":{"line":127,"column":5}},"loc":{"start":{"line":127,"column":41},"end":{"line":138,"column":5}},"line":127}},"branchMap":{"0":{"loc":{"start":{"line":16,"column":12},"end":{"line":19,"column":13}},"type":"if","locations":[{"start":{"line":16,"column":12},"end":{"line":19,"column":13}},{"start":{},"end":{}}],"line":16},"1":{"loc":{"start":{"line":16,"column":16},"end":{"line":16,"column":35}},"type":"binary-expr","locations":[{"start":{"line":16,"column":16},"end":{"line":16,"column":22}},{"start":{"line":16,"column":26},"end":{"line":16,"column":35}}],"line":16},"2":{"loc":{"start":{"line":21,"column":12},"end":{"line":23,"column":13}},"type":"if","locations":[{"start":{"line":21,"column":12},"end":{"line":23,"column":13}},{"start":{},"end":{}}],"line":21},"3":{"loc":{"start":{"line":25,"column":12},"end":{"line":27,"column":13}},"type":"if","locations":[{"start":{"line":25,"column":12},"end":{"line":27,"column":13}},{"start":{},"end":{}}],"line":25},"4":{"loc":{"start":{"line":69,"column":12},"end":{"line":72,"column":13}},"type":"if","locations":[{"start":{"line":69,"column":12},"end":{"line":72,"column":13}},{"start":{},"end":{}}],"line":69},"5":{"loc":{"start":{"line":69,"column":16},"end":{"line":69,"column":48}},"type":"binary-expr","locations":[{"start":{"line":69,"column":16},"end":{"line":69,"column":25}},{"start":{"line":69,"column":29},"end":{"line":69,"column":35}},{"start":{"line":69,"column":39},"end":{"line":69,"column":48}}],"line":69},"6":{"loc":{"start":{"line":89,"column":12},"end":{"line":91,"column":13}},"type":"if","locations":[{"start":{"line":89,"column":12},"end":{"line":91,"column":13}},{"start":{},"end":{}}],"line":89},"7":{"loc":{"start":{"line":94,"column":12},"end":{"line":96,"column":13}},"type":"if","locations":[{"start":{"line":94,"column":12},"end":{"line":96,"column":13}},{"start":{},"end":{}}],"line":94},"8":{"loc":{"start":{"line":94,"column":16},"end":{"line":94,"column":48}},"type":"binary-expr","locations":[{"start":{"line":94,"column":16},"end":{"line":94,"column":22}},{"start":{"line":94,"column":26},"end":{"line":94,"column":35}},{"start":{"line":94,"column":39},"end":{"line":94,"column":48}}],"line":94},"9":{"loc":{"start":{"line":115,"column":12},"end":{"line":117,"column":13}},"type":"if","locations":[{"start":{"line":115,"column":12},"end":{"line":117,"column":13}},{"start":{},"end":{}}],"line":115},"10":{"loc":{"start":{"line":131,"column":12},"end":{"line":133,"column":13}},"type":"if","locations":[{"start":{"line":131,"column":12},"end":{"line":133,"column":13}},{"start":{},"end":{}}],"line":131}},"s":{"0":1,"1":1,"2":1,"3":1,"4":1,"5":1,"6":5,"7":5,"8":5,"9":2,"10":3,"11":3,"12":1,"13":2,"14":2,"15":1,"16":1,"17":1,"18":4,"19":0,"20":0,"21":0,"22":0,"23":0,"24":0,"25":0,"26":0,"27":0,"28":4,"29":4,"30":4,"31":3,"32":1,"33":1,"34":3,"35":1,"36":1,"37":1,"38":1,"39":0,"40":1,"41":0,"42":1,"43":1,"44":1,"45":0,"46":1,"47":1,"48":1,"49":0,"50":1,"51":0,"52":1,"53":1,"54":1,"55":1,"56":0,"57":1,"58":0,"59":1},"f":{"0":5,"1":0,"2":4,"3":1,"4":1,"5":1},"b":{"0":[2,3],"1":[5,4],"2":[1,2],"3":[1,1],"4":[3,1],"5":[4,3,2],"6":[0,1],"7":[0,1],"8":[1,1,1],"9":[0,1],"10":[0,1]},"_coverageSchema":"1a1c01bbd47fc00a2c39e90264f33305004495a9","hash":"355817ac7c0febc669829dbc8e441e9a3a473d94"}
,"C:\\Users\\Brandon\\Documents\\Hacktiv8\\PHASE 2\\Individual_Project\\fin-web\\Server\\helpers\\axios.js": {"path":"C:\\Users\\Brandon\\Documents\\Hacktiv8\\PHASE 2\\Individual_Project\\fin-web\\Server\\helpers\\axios.js","statementMap":{"0":{"start":{"line":1,"column":14},"end":{"line":1,"column":30}},"1":{"start":{"line":3,"column":13},"end":{"line":5,"column":2}},"2":{"start":{"line":7,"column":0},"end":{"line":7,"column":22}}},"fnMap":{},"branchMap":{},"s":{"0":1,"1":1,"2":1},"f":{},"b":{},"_coverageSchema":"1a1c01bbd47fc00a2c39e90264f33305004495a9","hash":"c0b92317c68219e88190668b4e7aa535e23c60f6"}
,"C:\\Users\\Brandon\\Documents\\Hacktiv8\\PHASE 2\\Individual_Project\\fin-web\\Server\\helpers\\bcrypt.js": {"path":"C:\\Users\\Brandon\\Documents\\Hacktiv8\\PHASE 2\\Individual_Project\\fin-web\\Server\\helpers\\bcrypt.js","statementMap":{"0":{"start":{"line":1,"column":15},"end":{"line":1,"column":32}},"1":{"start":{"line":3,"column":21},"end":{"line":6,"column":1}},"2":{"start":{"line":4,"column":17},"end":{"line":4,"column":39}},"3":{"start":{"line":5,"column":4},"end":{"line":5,"column":43}},"4":{"start":{"line":7,"column":23},"end":{"line":9,"column":1}},"5":{"start":{"line":8,"column":4},"end":{"line":8,"column":42}},"6":{"start":{"line":11,"column":0},"end":{"line":11,"column":50}}},"fnMap":{"0":{"name":"(anonymous_0)","decl":{"start":{"line":3,"column":21},"end":{"line":3,"column":22}},"loc":{"start":{"line":3,"column":35},"end":{"line":6,"column":1}},"line":3},"1":{"name":"(anonymous_1)","decl":{"start":{"line":7,"column":23},"end":{"line":7,"column":24}},"loc":{"start":{"line":7,"column":43},"end":{"line":9,"column":1}},"line":7}},"branchMap":{},"s":{"0":1,"1":1,"2":1,"3":1,"4":1,"5":2,"6":1},"f":{"0":1,"1":2},"b":{},"_coverageSchema":"1a1c01bbd47fc00a2c39e90264f33305004495a9","hash":"a9191454bcab15ac6b0de5bbc4354c1b6b7d653b"}
,"C:\\Users\\Brandon\\Documents\\Hacktiv8\\PHASE 2\\Individual_Project\\fin-web\\Server\\helpers\\jwt.js": {"path":"C:\\Users\\Brandon\\Documents\\Hacktiv8\\PHASE 2\\Individual_Project\\fin-web\\Server\\helpers\\jwt.js","statementMap":{"0":{"start":{"line":1,"column":12},"end":{"line":1,"column":35}},"1":{"start":{"line":2,"column":19},"end":{"line":2,"column":41}},"2":{"start":{"line":4,"column":18},"end":{"line":6,"column":1}},"3":{"start":{"line":5,"column":4},"end":{"line":5,"column":41}},"4":{"start":{"line":8,"column":20},"end":{"line":10,"column":1}},"5":{"start":{"line":9,"column":4},"end":{"line":9,"column":41}},"6":{"start":{"line":12,"column":0},"end":{"line":12,"column":44}}},"fnMap":{"0":{"name":"(anonymous_0)","decl":{"start":{"line":4,"column":18},"end":{"line":4,"column":19}},"loc":{"start":{"line":4,"column":31},"end":{"line":6,"column":1}},"line":4},"1":{"name":"(anonymous_1)","decl":{"start":{"line":8,"column":20},"end":{"line":8,"column":21}},"loc":{"start":{"line":8,"column":31},"end":{"line":10,"column":1}},"line":8}},"branchMap":{},"s":{"0":1,"1":1,"2":1,"3":22,"4":1,"5":6,"6":1},"f":{"0":22,"1":6},"b":{},"_coverageSchema":"1a1c01bbd47fc00a2c39e90264f33305004495a9","hash":"1a2b34f6f2ef9bc07f06fda529932742c8d96b9a"}
,"C:\\Users\\Brandon\\Documents\\Hacktiv8\\PHASE 2\\Individual_Project\\fin-web\\Server\\middleware\\authentication.js": {"path":"C:\\Users\\Brandon\\Documents\\Hacktiv8\\PHASE 2\\Individual_Project\\fin-web\\Server\\middleware\\authentication.js","statementMap":{"0":{"start":{"line":2,"column":22},"end":{"line":2,"column":47}},"1":{"start":{"line":3,"column":15},"end":{"line":3,"column":35}},"2":{"start":{"line":6,"column":4},"end":{"line":32,"column":5}},"3":{"start":{"line":8,"column":32},"end":{"line":8,"column":43}},"4":{"start":{"line":10,"column":8},"end":{"line":13,"column":9}},"5":{"start":{"line":12,"column":12},"end":{"line":12,"column":72}},"6":{"start":{"line":15,"column":34},"end":{"line":15,"column":58}},"7":{"start":{"line":16,"column":8},"end":{"line":18,"column":9}},"8":{"start":{"line":17,"column":12},"end":{"line":17,"column":72}},"9":{"start":{"line":19,"column":22},"end":{"line":19,"column":42}},"10":{"start":{"line":21,"column":21},"end":{"line":21,"column":77}},"11":{"start":{"line":23,"column":8},"end":{"line":26,"column":9}},"12":{"start":{"line":25,"column":12},"end":{"line":25,"column":72}},"13":{"start":{"line":28,"column":8},"end":{"line":28,"column":24}},"14":{"start":{"line":29,"column":8},"end":{"line":29,"column":15}},"15":{"start":{"line":31,"column":8},"end":{"line":31,"column":20}},"16":{"start":{"line":35,"column":0},"end":{"line":35,"column":32}}},"fnMap":{"0":{"name":"authentication","decl":{"start":{"line":5,"column":15},"end":{"line":5,"column":29}},"loc":{"start":{"line":5,"column":46},"end":{"line":33,"column":1}},"line":5}},"branchMap":{"0":{"loc":{"start":{"line":10,"column":8},"end":{"line":13,"column":9}},"type":"if","locations":[{"start":{"line":10,"column":8},"end":{"line":13,"column":9}},{"start":{},"end":{}}],"line":10},"1":{"loc":{"start":{"line":16,"column":8},"end":{"line":18,"column":9}},"type":"if","locations":[{"start":{"line":16,"column":8},"end":{"line":18,"column":9}},{"start":{},"end":{}}],"line":16},"2":{"loc":{"start":{"line":16,"column":11},"end":{"line":16,"column":69}},"type":"binary-expr","locations":[{"start":{"line":16,"column":11},"end":{"line":16,"column":44}},{"start":{"line":16,"column":48},"end":{"line":16,"column":69}}],"line":16},"3":{"loc":{"start":{"line":23,"column":8},"end":{"line":26,"column":9}},"type":"if","locations":[{"start":{"line":23,"column":8},"end":{"line":26,"column":9}},{"start":{},"end":{}}],"line":23}},"s":{"0":1,"1":1,"2":6,"3":6,"4":6,"5":0,"6":6,"7":6,"8":0,"9":6,"10":6,"11":6,"12":0,"13":6,"14":6,"15":0,"16":1},"f":{"0":6},"b":{"0":[0,6],"1":[0,6],"2":[6,6],"3":[0,6]},"_coverageSchema":"1a1c01bbd47fc00a2c39e90264f33305004495a9","hash":"78dce5cda40aeaa0848b732f69264ff2f6914a9c"}
,"C:\\Users\\Brandon\\Documents\\Hacktiv8\\PHASE 2\\Individual_Project\\fin-web\\Server\\middleware\\authorization.js": {"path":"C:\\Users\\Brandon\\Documents\\Hacktiv8\\PHASE 2\\Individual_Project\\fin-web\\Server\\middleware\\authorization.js","statementMap":{"0":{"start":{"line":2,"column":18},"end":{"line":2,"column":38}},"1":{"start":{"line":5,"column":4},"end":{"line":17,"column":5}},"2":{"start":{"line":6,"column":19},"end":{"line":6,"column":33}},"3":{"start":{"line":7,"column":25},"end":{"line":7,"column":51}},"4":{"start":{"line":8,"column":8},"end":{"line":10,"column":9}},"5":{"start":{"line":9,"column":12},"end":{"line":9,"column":68}},"6":{"start":{"line":11,"column":8},"end":{"line":13,"column":9}},"7":{"start":{"line":12,"column":12},"end":{"line":12,"column":73}},"8":{"start":{"line":14,"column":8},"end":{"line":14,"column":15}},"9":{"start":{"line":16,"column":8},"end":{"line":16,"column":20}},"10":{"start":{"line":20,"column":0},"end":{"line":20,"column":31}}},"fnMap":{"0":{"name":"authorization","decl":{"start":{"line":4,"column":15},"end":{"line":4,"column":28}},"loc":{"start":{"line":4,"column":45},"end":{"line":18,"column":1}},"line":4}},"branchMap":{"0":{"loc":{"start":{"line":8,"column":8},"end":{"line":10,"column":9}},"type":"if","locations":[{"start":{"line":8,"column":8},"end":{"line":10,"column":9}},{"start":{},"end":{}}],"line":8},"1":{"loc":{"start":{"line":11,"column":8},"end":{"line":13,"column":9}},"type":"if","locations":[{"start":{"line":11,"column":8},"end":{"line":13,"column":9}},{"start":{},"end":{}}],"line":11}},"s":{"0":1,"1":1,"2":1,"3":1,"4":1,"5":0,"6":1,"7":0,"8":1,"9":0,"10":1},"f":{"0":1},"b":{"0":[0,1],"1":[0,1]},"_coverageSchema":"1a1c01bbd47fc00a2c39e90264f33305004495a9","hash":"e11ce56f94446559ae4176d5d43425121905fc4a"}
,"C:\\Users\\Brandon\\Documents\\Hacktiv8\\PHASE 2\\Individual_Project\\fin-web\\Server\\middleware\\errorHandler.js": {"path":"C:\\Users\\Brandon\\Documents\\Hacktiv8\\PHASE 2\\Individual_Project\\fin-web\\Server\\middleware\\errorHandler.js","statementMap":{"0":{"start":{"line":4,"column":4},"end":{"line":7,"column":5}},"1":{"start":{"line":5,"column":23},"end":{"line":5,"column":53}},"2":{"start":{"line":5,"column":43},"end":{"line":5,"column":52}},"3":{"start":{"line":6,"column":8},"end":{"line":6,"column":48}},"4":{"start":{"line":8,"column":4},"end":{"line":10,"column":5}},"5":{"start":{"line":9,"column":8},"end":{"line":9,"column":53}},"6":{"start":{"line":11,"column":4},"end":{"line":13,"column":5}},"7":{"start":{"line":12,"column":8},"end":{"line":12,"column":53}},"8":{"start":{"line":14,"column":4},"end":{"line":16,"column":5}},"9":{"start":{"line":15,"column":8},"end":{"line":15,"column":53}},"10":{"start":{"line":17,"column":4},"end":{"line":22,"column":5}},"11":{"start":{"line":18,"column":8},"end":{"line":18,"column":53}},"12":{"start":{"line":21,"column":8},"end":{"line":21,"column":64}},"13":{"start":{"line":25,"column":0},"end":{"line":25,"column":30}}},"fnMap":{"0":{"name":"errorHandler","decl":{"start":{"line":2,"column":9},"end":{"line":2,"column":21}},"loc":{"start":{"line":2,"column":43},"end":{"line":23,"column":1}},"line":2},"1":{"name":"(anonymous_1)","decl":{"start":{"line":5,"column":38},"end":{"line":5,"column":39}},"loc":{"start":{"line":5,"column":43},"end":{"line":5,"column":52}},"line":5}},"branchMap":{"0":{"loc":{"start":{"line":4,"column":4},"end":{"line":7,"column":5}},"type":"if","locations":[{"start":{"line":4,"column":4},"end":{"line":7,"column":5}},{"start":{},"end":{}}],"line":4},"1":{"loc":{"start":{"line":4,"column":7},"end":{"line":4,"column":95}},"type":"binary-expr","locations":[{"start":{"line":4,"column":7},"end":{"line":4,"column":46}},{"start":{"line":4,"column":50},"end":{"line":4,"column":95}}],"line":4},"2":{"loc":{"start":{"line":8,"column":4},"end":{"line":10,"column":5}},"type":"if","locations":[{"start":{"line":8,"column":4},"end":{"line":10,"column":5}},{"start":{},"end":{}}],"line":8},"3":{"loc":{"start":{"line":11,"column":4},"end":{"line":13,"column":5}},"type":"if","locations":[{"start":{"line":11,"column":4},"end":{"line":13,"column":5}},{"start":{},"end":{}}],"line":11},"4":{"loc":{"start":{"line":11,"column":7},"end":{"line":11,"column":58}},"type":"binary-expr","locations":[{"start":{"line":11,"column":7},"end":{"line":11,"column":31}},{"start":{"line":11,"column":35},"end":{"line":11,"column":58}}],"line":11},"5":{"loc":{"start":{"line":14,"column":4},"end":{"line":16,"column":5}},"type":"if","locations":[{"start":{"line":14,"column":4},"end":{"line":16,"column":5}},{"start":{},"end":{}}],"line":14},"6":{"loc":{"start":{"line":17,"column":4},"end":{"line":22,"column":5}},"type":"if","locations":[{"start":{"line":17,"column":4},"end":{"line":22,"column":5}},{"start":{"line":20,"column":8},"end":{"line":22,"column":5}}],"line":17},"7":{"loc":{"start":{"line":17,"column":7},"end":{"line":17,"column":62}},"type":"binary-expr","locations":[{"start":{"line":17,"column":7},"end":{"line":17,"column":33}},{"start":{"line":17,"column":37},"end":{"line":17,"column":62}}],"line":17}},"s":{"0":10,"1":0,"2":0,"3":0,"4":10,"5":2,"6":10,"7":0,"8":10,"9":0,"10":10,"11":6,"12":4,"13":1},"f":{"0":10,"1":0},"b":{"0":[0,10],"1":[10,10],"2":[2,8],"3":[0,10],"4":[10,10],"5":[0,10],"6":[6,4],"7":[10,9]},"_coverageSchema":"1a1c01bbd47fc00a2c39e90264f33305004495a9","hash":"576c966026df789a361218a35608c05aa36a30db"}
,"C:\\Users\\Brandon\\Documents\\Hacktiv8\\PHASE 2\\Individual_Project\\fin-web\\Server\\models\\article.js": {"path":"C:\\Users\\Brandon\\Documents\\Hacktiv8\\PHASE 2\\Individual_Project\\fin-web\\Server\\models\\article.js","statementMap":{"0":{"start":{"line":4,"column":4},"end":{"line":4,"column":24}},"1":{"start":{"line":5,"column":0},"end":{"line":33,"column":2}},"2":{"start":{"line":14,"column":6},"end":{"line":16,"column":8}},"3":{"start":{"line":19,"column":2},"end":{"line":31,"column":5}},"4":{"start":{"line":32,"column":2},"end":{"line":32,"column":17}}},"fnMap":{"0":{"name":"(anonymous_0)","decl":{"start":{"line":5,"column":17},"end":{"line":5,"column":18}},"loc":{"start":{"line":5,"column":43},"end":{"line":33,"column":1}},"line":5},"1":{"name":"(anonymous_1)","decl":{"start":{"line":12,"column":4},"end":{"line":12,"column":5}},"loc":{"start":{"line":12,"column":29},"end":{"line":17,"column":5}},"line":12}},"branchMap":{},"s":{"0":1,"1":1,"2":1,"3":1,"4":1},"f":{"0":1,"1":1},"b":{},"_coverageSchema":"1a1c01bbd47fc00a2c39e90264f33305004495a9","hash":"a3a941112b68ac7e5c73e5ce4e2498736c9d4006"}
,"C:\\Users\\Brandon\\Documents\\Hacktiv8\\PHASE 2\\Individual_Project\\fin-web\\Server\\models\\index.js": {"path":"C:\\Users\\Brandon\\Documents\\Hacktiv8\\PHASE 2\\Individual_Project\\fin-web\\Server\\models\\index.js","statementMap":{"0":{"start":{"line":3,"column":11},"end":{"line":3,"column":24}},"1":{"start":{"line":4,"column":13},"end":{"line":4,"column":28}},"2":{"start":{"line":5,"column":18},"end":{"line":5,"column":38}},"3":{"start":{"line":6,"column":16},"end":{"line":6,"column":34}},"4":{"start":{"line":7,"column":17},"end":{"line":7,"column":42}},"5":{"start":{"line":8,"column":12},"end":{"line":8,"column":49}},"6":{"start":{"line":9,"column":15},"end":{"line":9,"column":65}},"7":{"start":{"line":10,"column":11},"end":{"line":10,"column":13}},"8":{"start":{"line":13,"column":0},"end":{"line":17,"column":1}},"9":{"start":{"line":14,"column":2},"end":{"line":14,"column":74}},"10":{"start":{"line":16,"column":2},"end":{"line":16,"column":87}},"11":{"start":{"line":19,"column":0},"end":{"line":32,"column":5}},"12":{"start":{"line":22,"column":4},"end":{"line":27,"column":6}},"13":{"start":{"line":30,"column":18},"end":{"line":30,"column":85}},"14":{"start":{"line":31,"column":4},"end":{"line":31,"column":27}},"15":{"start":{"line":34,"column":0},"end":{"line":38,"column":3}},"16":{"start":{"line":35,"column":2},"end":{"line":37,"column":3}},"17":{"start":{"line":36,"column":4},"end":{"line":36,"column":32}},"18":{"start":{"line":40,"column":0},"end":{"line":40,"column":25}},"19":{"start":{"line":41,"column":0},"end":{"line":41,"column":25}},"20":{"start":{"line":43,"column":0},"end":{"line":43,"column":20}}},"fnMap":{"0":{"name":"(anonymous_0)","decl":{"start":{"line":21,"column":10},"end":{"line":21,"column":11}},"loc":{"start":{"line":21,"column":18},"end":{"line":28,"column":3}},"line":21},"1":{"name":"(anonymous_1)","decl":{"start":{"line":29,"column":11},"end":{"line":29,"column":12}},"loc":{"start":{"line":29,"column":19},"end":{"line":32,"column":3}},"line":29},"2":{"name":"(anonymous_2)","decl":{"start":{"line":34,"column":24},"end":{"line":34,"column":25}},"loc":{"start":{"line":34,"column":37},"end":{"line":38,"column":1}},"line":34}},"branchMap":{"0":{"loc":{"start":{"line":8,"column":12},"end":{"line":8,"column":49}},"type":"binary-expr","locations":[{"start":{"line":8,"column":12},"end":{"line":8,"column":32}},{"start":{"line":8,"column":36},"end":{"line":8,"column":49}}],"line":8},"1":{"loc":{"start":{"line":13,"column":0},"end":{"line":17,"column":1}},"type":"if","locations":[{"start":{"line":13,"column":0},"end":{"line":17,"column":1}},{"start":{"line":15,"column":7},"end":{"line":17,"column":1}}],"line":13},"2":{"loc":{"start":{"line":23,"column":6},"end":{"line":26,"column":37}},"type":"binary-expr","locations":[{"start":{"line":23,"column":6},"end":{"line":23,"column":29}},{"start":{"line":24,"column":6},"end":{"line":24,"column":23}},{"start":{"line":25,"column":6},"end":{"line":25,"column":30}},{"start":{"line":26,"column":6},"end":{"line":26,"column":37}}],"line":23},"3":{"loc":{"start":{"line":35,"column":2},"end":{"line":37,"column":3}},"type":"if","locations":[{"start":{"line":35,"column":2},"end":{"line":37,"column":3}},{"start":{},"end":{}}],"line":35}},"s":{"0":1,"1":1,"2":1,"3":1,"4":1,"5":1,"6":1,"7":1,"8":1,"9":0,"10":1,"11":1,"12":3,"13":2,"14":2,"15":1,"16":2,"17":2,"18":1,"19":1,"20":1},"f":{"0":3,"1":2,"2":2},"b":{"0":[1,0],"1":[0,1],"2":[3,3,2,2],"3":[2,0]},"_coverageSchema":"1a1c01bbd47fc00a2c39e90264f33305004495a9","hash":"4b8c7d94e79ecda4b8f7db9290fd601384d71ae9"}
,"C:\\Users\\Brandon\\Documents\\Hacktiv8\\PHASE 2\\Individual_Project\\fin-web\\Server\\models\\user.js": {"path":"C:\\Users\\Brandon\\Documents\\Hacktiv8\\PHASE 2\\Individual_Project\\fin-web\\Server\\models\\user.js","statementMap":{"0":{"start":{"line":4,"column":4},"end":{"line":4,"column":24}},"1":{"start":{"line":5,"column":15},"end":{"line":5,"column":32}},"2":{"start":{"line":6,"column":0},"end":{"line":36,"column":2}},"3":{"start":{"line":15,"column":6},"end":{"line":17,"column":8}},"4":{"start":{"line":20,"column":2},"end":{"line":27,"column":5}},"5":{"start":{"line":30,"column":2},"end":{"line":33,"column":5}},"6":{"start":{"line":31,"column":17},"end":{"line":31,"column":39}},"7":{"start":{"line":32,"column":4},"end":{"line":32,"column":57}},"8":{"start":{"line":35,"column":2},"end":{"line":35,"column":14}}},"fnMap":{"0":{"name":"(anonymous_0)","decl":{"start":{"line":6,"column":17},"end":{"line":6,"column":18}},"loc":{"start":{"line":6,"column":43},"end":{"line":36,"column":1}},"line":6},"1":{"name":"(anonymous_1)","decl":{"start":{"line":13,"column":4},"end":{"line":13,"column":5}},"loc":{"start":{"line":13,"column":29},"end":{"line":18,"column":5}},"line":13},"2":{"name":"(anonymous_2)","decl":{"start":{"line":30,"column":31},"end":{"line":30,"column":32}},"loc":{"start":{"line":30,"column":50},"end":{"line":33,"column":3}},"line":30}},"branchMap":{},"s":{"0":1,"1":1,"2":1,"3":1,"4":1,"5":1,"6":1,"7":1,"8":1},"f":{"0":1,"1":1,"2":1},"b":{},"_coverageSchema":"1a1c01bbd47fc00a2c39e90264f33305004495a9","hash":"9f8365a6ac9f41381e9eebd561383f0c0b800f3f"}
,"C:\\Users\\Brandon\\Documents\\Hacktiv8\\PHASE 2\\Individual_Project\\fin-web\\Server\\router\\index.js": {"path":"C:\\Users\\Brandon\\Documents\\Hacktiv8\\PHASE 2\\Individual_Project\\fin-web\\Server\\router\\index.js","statementMap":{"0":{"start":{"line":2,"column":16},"end":{"line":2,"column":34}},"1":{"start":{"line":3,"column":23},"end":{"line":3,"column":63}},"2":{"start":{"line":4,"column":20},"end":{"line":4,"column":56}},"3":{"start":{"line":5,"column":21},"end":{"line":5,"column":58}},"4":{"start":{"line":6,"column":23},"end":{"line":6,"column":62}},"5":{"start":{"line":7,"column":22},"end":{"line":7,"column":60}},"6":{"start":{"line":8,"column":15},"end":{"line":8,"column":31}},"7":{"start":{"line":11,"column":0},"end":{"line":11,"column":40}},"8":{"start":{"line":12,"column":0},"end":{"line":12,"column":43}},"9":{"start":{"line":13,"column":0},"end":{"line":13,"column":56}},"10":{"start":{"line":14,"column":0},"end":{"line":14,"column":49}},"11":{"start":{"line":15,"column":0},"end":{"line":15,"column":45}},"12":{"start":{"line":16,"column":0},"end":{"line":16,"column":43}},"13":{"start":{"line":17,"column":0},"end":{"line":17,"column":52}},"14":{"start":{"line":20,"column":0},"end":{"line":22,"column":2}},"15":{"start":{"line":21,"column":4},"end":{"line":21,"column":47}},"16":{"start":{"line":24,"column":0},"end":{"line":24,"column":26}},"17":{"start":{"line":28,"column":0},"end":{"line":28,"column":46}},"18":{"start":{"line":29,"column":0},"end":{"line":29,"column":49}},"19":{"start":{"line":30,"column":0},"end":{"line":30,"column":52}},"20":{"start":{"line":33,"column":0},"end":{"line":33,"column":45}},"21":{"start":{"line":34,"column":0},"end":{"line":34,"column":48}},"22":{"start":{"line":35,"column":0},"end":{"line":35,"column":73}},"23":{"start":{"line":38,"column":0},"end":{"line":38,"column":24}},"24":{"start":{"line":40,"column":0},"end":{"line":40,"column":24}}},"fnMap":{"0":{"name":"(anonymous_0)","decl":{"start":{"line":20,"column":22},"end":{"line":20,"column":23}},"loc":{"start":{"line":20,"column":33},"end":{"line":22,"column":1}},"line":20}},"branchMap":{},"s":{"0":1,"1":1,"2":1,"3":1,"4":1,"5":1,"6":1,"7":1,"8":1,"9":1,"10":1,"11":1,"12":1,"13":1,"14":1,"15":1,"16":1,"17":1,"18":1,"19":1,"20":1,"21":1,"22":1,"23":1,"24":1},"f":{"0":1},"b":{},"_coverageSchema":"1a1c01bbd47fc00a2c39e90264f33305004495a9","hash":"9df68eec4996950769a5de31a10205511382ad97"}
}
