TN:
SF:app.js
FNF:0
FNH:0
DA:1,1
DA:2,1
DA:4,1
DA:5,1
DA:6,1
DA:8,1
DA:9,1
DA:10,1
DA:12,1
DA:14,1
LF:10
LH:10
BRDA:1,0,0,1
BRDA:1,0,1,0
BRF:2
BRH:1
end_of_record
TN:
SF:controllers\Controller.js
FN:6,(anonymous_0)
FN:35,(anonymous_1)
FN:49,(anonymous_2)
FN:62,(anonymous_3)
FN:63,(anonymous_4)
FN:67,(anonymous_5)
FN:74,(anonymous_6)
FN:95,(anonymous_7)
FN:118,(anonymous_8)
FN:152,(anonymous_9)
FNF:10
FNH:8
FNDA:1,(anonymous_0)
FNDA:1,(anonymous_1)
FNDA:1,(anonymous_2)
FNDA:0,(anonymous_3)
FNDA:0,(anonymous_4)
FNDA:2,(anonymous_5)
FNDA:38,(anonymous_6)
FNDA:1,(anonymous_7)
FNDA:1,(anonymous_8)
FNDA:1,(anonymous_9)
DA:1,1
DA:2,1
DA:3,1
DA:7,1
DA:8,1
DA:9,1
DA:10,0
DA:12,1
DA:13,0
DA:14,0
DA:16,0
DA:18,0
DA:28,0
DA:30,1
DA:36,1
DA:37,1
DA:42,1
DA:44,0
DA:50,1
DA:51,1
DA:52,1
DA:53,0
DA:55,1
DA:56,1
DA:58,0
DA:62,1
DA:63,0
DA:68,2
DA:69,2
DA:70,2
DA:71,1
DA:73,1
DA:74,38
DA:77,1
DA:78,0
DA:80,1
DA:82,1
DA:83,1
DA:85,1
DA:86,1
DA:88,1
DA:90,1
DA:96,1
DA:97,1
DA:107,1
DA:108,1
DA:109,0
DA:111,1
DA:113,0
DA:119,1
DA:120,1
DA:121,1
DA:122,1
DA:123,5
DA:133,5
DA:134,5
DA:135,0
DA:138,5
DA:144,1
DA:147,0
DA:153,1
DA:154,1
DA:155,1
DA:156,1
DA:157,5
DA:166,5
DA:167,5
DA:171,5
DA:174,1
DA:176,0
DA:180,1
LF:71
LH:55
BRDA:9,0,0,0
BRDA:9,0,1,1
BRDA:9,1,0,1
BRDA:9,1,1,1
BRDA:9,1,2,1
BRDA:9,1,3,0
BRDA:9,1,4,0
BRDA:9,1,5,0
BRDA:9,1,6,0
BRDA:9,1,7,0
BRDA:13,2,0,0
BRDA:13,2,1,0
BRDA:52,3,0,0
BRDA:52,3,1,1
BRDA:70,4,0,1
BRDA:70,4,1,1
BRDA:77,5,0,0
BRDA:77,5,1,1
BRDA:86,6,0,1
BRDA:86,6,1,0
BRDA:108,7,0,0
BRDA:108,7,1,1
BRDA:134,8,0,0
BRDA:134,8,1,5
BRDA:166,9,0,5
BRDA:166,9,1,0
BRF:26
BRH:12
end_of_record
TN:
SF:controllers\UserController.js
FN:11,(anonymous_0)
FN:35,(anonymous_1)
FN:63,(anonymous_2)
FN:85,(anonymous_3)
FN:111,(anonymous_4)
FN:127,(anonymous_5)
FNF:6
FNH:5
FNDA:5,(anonymous_0)
FNDA:0,(anonymous_1)
FNDA:4,(anonymous_2)
FNDA:1,(anonymous_3)
FNDA:1,(anonymous_4)
FNDA:1,(anonymous_5)
DA:1,1
DA:2,1
DA:3,1
DA:4,1
DA:5,1
DA:6,1
DA:12,5
DA:14,5
DA:16,5
DA:18,2
DA:20,3
DA:21,3
DA:22,1
DA:24,2
DA:25,2
DA:26,1
DA:28,1
DA:29,1
DA:31,4
DA:36,0
DA:37,0
DA:39,0
DA:40,0
DA:44,0
DA:45,0
DA:55,0
DA:56,0
DA:59,0
DA:64,4
DA:66,4
DA:69,4
DA:71,3
DA:73,1
DA:78,1
DA:80,3
DA:86,1
DA:87,1
DA:88,1
DA:89,1
DA:90,0
DA:94,1
DA:95,0
DA:97,1
DA:99,1
DA:104,1
DA:106,0
DA:112,1
DA:114,1
DA:115,1
DA:116,0
DA:119,1
DA:120,0
DA:122,1
DA:128,1
DA:130,1
DA:131,1
DA:132,0
DA:134,1
DA:136,0
DA:141,1
LF:60
LH:44
BRDA:16,0,0,2
BRDA:16,0,1,3
BRDA:16,1,0,5
BRDA:16,1,1,4
BRDA:21,2,0,1
BRDA:21,2,1,2
BRDA:25,3,0,1
BRDA:25,3,1,1
BRDA:69,4,0,3
BRDA:69,4,1,1
BRDA:69,5,0,4
BRDA:69,5,1,3
BRDA:69,5,2,2
BRDA:89,6,0,0
BRDA:89,6,1,1
BRDA:94,7,0,0
BRDA:94,7,1,1
BRDA:94,8,0,1
BRDA:94,8,1,1
BRDA:94,8,2,1
BRDA:115,9,0,0
BRDA:115,9,1,1
BRDA:131,10,0,0
BRDA:131,10,1,1
BRF:24
BRH:20
end_of_record
TN:
SF:helpers\axios.js
FNF:0
FNH:0
DA:1,1
DA:3,1
DA:7,1
LF:3
LH:3
BRF:0
BRH:0
end_of_record
TN:
SF:helpers\bcrypt.js
FN:3,(anonymous_0)
FN:7,(anonymous_1)
FNF:2
FNH:2
FNDA:1,(anonymous_0)
FNDA:2,(anonymous_1)
DA:1,1
DA:3,1
DA:4,1
DA:5,1
DA:7,1
DA:8,2
DA:11,1
LF:7
LH:7
BRF:0
BRH:0
end_of_record
TN:
SF:helpers\jwt.js
FN:4,(anonymous_0)
FN:8,(anonymous_1)
FNF:2
FNH:2
FNDA:22,(anonymous_0)
FNDA:6,(anonymous_1)
DA:1,1
DA:2,1
DA:4,1
DA:5,22
DA:8,1
DA:9,6
DA:12,1
LF:7
LH:7
BRF:0
BRH:0
end_of_record
TN:
SF:middleware\authentication.js
FN:5,authentication
FNF:1
FNH:1
FNDA:6,authentication
DA:2,1
DA:3,1
DA:6,6
DA:8,6
DA:10,6
DA:12,0
DA:15,6
DA:16,6
DA:17,0
DA:19,6
DA:21,6
DA:23,6
DA:25,0
DA:28,6
DA:29,6
DA:31,0
DA:35,1
LF:17
LH:13
BRDA:10,0,0,0
BRDA:10,0,1,6
BRDA:16,1,0,0
BRDA:16,1,1,6
BRDA:16,2,0,6
BRDA:16,2,1,6
BRDA:23,3,0,0
BRDA:23,3,1,6
BRF:8
BRH:5
end_of_record
TN:
SF:middleware\authorization.js
FN:4,authorization
FNF:1
FNH:1
FNDA:1,authorization
DA:2,1
DA:5,1
DA:6,1
DA:7,1
DA:8,1
DA:9,0
DA:11,1
DA:12,0
DA:14,1
DA:16,0
DA:20,1
LF:11
LH:8
BRDA:8,0,0,0
BRDA:8,0,1,1
BRDA:11,1,0,0
BRDA:11,1,1,1
BRF:4
BRH:2
end_of_record
TN:
SF:middleware\errorHandler.js
FN:2,errorHandler
FN:5,(anonymous_1)
FNF:2
FNH:1
FNDA:10,errorHandler
FNDA:0,(anonymous_1)
DA:4,10
DA:5,0
DA:6,0
DA:8,10
DA:9,2
DA:11,10
DA:12,0
DA:14,10
DA:15,0
DA:17,10
DA:18,6
DA:21,4
DA:25,1
LF:13
LH:9
BRDA:4,0,0,0
BRDA:4,0,1,10
BRDA:4,1,0,10
BRDA:4,1,1,10
BRDA:8,2,0,2
BRDA:8,2,1,8
BRDA:11,3,0,0
BRDA:11,3,1,10
BRDA:11,4,0,10
BRDA:11,4,1,10
BRDA:14,5,0,0
BRDA:14,5,1,10
BRDA:17,6,0,6
BRDA:17,6,1,4
BRDA:17,7,0,10
BRDA:17,7,1,9
BRF:16
BRH:13
end_of_record
TN:
SF:models\article.js
FN:5,(anonymous_0)
FN:12,(anonymous_1)
FNF:2
FNH:2
FNDA:1,(anonymous_0)
FNDA:1,(anonymous_1)
DA:4,1
DA:5,1
DA:14,1
DA:19,1
DA:32,1
LF:5
LH:5
BRF:0
BRH:0
end_of_record
TN:
SF:models\index.js
FN:21,(anonymous_0)
FN:29,(anonymous_1)
FN:34,(anonymous_2)
FNF:3
FNH:3
FNDA:3,(anonymous_0)
FNDA:2,(anonymous_1)
FNDA:2,(anonymous_2)
DA:3,1
DA:4,1
DA:5,1
DA:6,1
DA:7,1
DA:8,1
DA:9,1
DA:10,1
DA:13,1
DA:14,0
DA:16,1
DA:19,1
DA:22,3
DA:30,2
DA:31,2
DA:34,1
DA:35,2
DA:36,2
DA:40,1
DA:41,1
DA:43,1
LF:21
LH:20
BRDA:8,0,0,1
BRDA:8,0,1,0
BRDA:13,1,0,0
BRDA:13,1,1,1
BRDA:23,2,0,3
BRDA:23,2,1,3
BRDA:23,2,2,2
BRDA:23,2,3,2
BRDA:35,3,0,2
BRDA:35,3,1,0
BRF:10
BRH:7
end_of_record
TN:
SF:models\user.js
FN:6,(anonymous_0)
FN:13,(anonymous_1)
FN:30,(anonymous_2)
FNF:3
FNH:3
FNDA:1,(anonymous_0)
FNDA:1,(anonymous_1)
FNDA:1,(anonymous_2)
DA:4,1
DA:5,1
DA:6,1
DA:15,1
DA:20,1
DA:30,1
DA:31,1
DA:32,1
DA:35,1
LF:9
LH:9
BRF:0
BRH:0
end_of_record
TN:
SF:router\index.js
FN:20,(anonymous_0)
FNF:1
FNH:1
FNDA:1,(anonymous_0)
DA:2,1
DA:3,1
DA:4,1
DA:5,1
DA:6,1
DA:7,1
DA:8,1
DA:11,1
DA:12,1
DA:13,1
DA:14,1
DA:15,1
DA:16,1
DA:17,1
DA:20,1
DA:21,1
DA:24,1
DA:28,1
DA:29,1
DA:30,1
DA:33,1
DA:34,1
DA:35,1
DA:38,1
DA:40,1
LF:25
LH:25
BRF:0
BRH:0
end_of_record
